Using pre-set license
Built from '2020.3/staging' branch; Version is '2020.3.0f1 (c7b5465681fb) revision 13088070'; Using compiler version '192528614'; Build Type 'Release'
OS: 'Windows 8.1  (6.3.0) 64bit' Language: 'pt' Physical Memory: 16310 MB
BatchMode: 1, IsHumanControllingUs: 0, StartBugReporterOnCrash: 0, Is64bit: 1, IsPro: 0

 COMMAND LINE ARGUMENTS:
C:\Program Files\Unity\Hub\Editor\2020.3.0f1\Editor\Unity.exe
-adb2
-batchMode
-noUpm
-name
AssetImportWorker0
-projectPath
C:/Users/gustavo/FlappyBirds
-logFile
Logs/AssetImportWorker0.log
-srvPort
58116
Successfully changed project path to: C:/Users/gustavo/FlappyBirds
C:/Users/gustavo/FlappyBirds
Using Asset Import Pipeline V2.
Refreshing native plugins compatible for Editor in 24.63 ms, found 0 plugins.
Preloading 0 native plugins for Editor in 0.00 ms.
Initialize engine version: 2020.3.0f1 (c7b5465681fb)
[Subsystems] Discovering subsystems at path C:/Program Files/Unity/Hub/Editor/2020.3.0f1/Editor/Data/Resources/UnitySubsystems
[Subsystems] Discovering subsystems at path C:/Users/gustavo/FlappyBirds/Assets
GfxDevice: creating device client; threaded=0
d3d11: QueryInterface(IDXGIFactory5) failed (80004002).
Direct3D:
    Version:  Direct3D 11.0 [level 11.1]
    Renderer: NVIDIA GeForce GTX 1660 (ID=0x2184)
    Vendor:   
    VRAM:     5951 MB
    Driver:   26.21.14.4187
Initialize mono
Mono path[0] = 'C:/Program Files/Unity/Hub/Editor/2020.3.0f1/Editor/Data/Managed'
Mono path[1] = 'C:/Program Files/Unity/Hub/Editor/2020.3.0f1/Editor/Data/MonoBleedingEdge/lib/mono/unityjit'
Mono config path = 'C:/Program Files/Unity/Hub/Editor/2020.3.0f1/Editor/Data/MonoBleedingEdge/etc'
Using monoOptions --debugger-agent=transport=dt_socket,embedding=1,server=y,suspend=n,address=127.0.0.1:56860
Begin MonoManager ReloadAssembly
Registering precompiled unity dll's ...
Register platform support module: C:/Program Files/Unity/Hub/Editor/2020.3.0f1/Editor/Data/PlaybackEngines/WebGLSupport/UnityEditor.WebGL.Extensions.dll
Register platform support module: C:/Program Files/Unity/Hub/Editor/2020.3.0f1/Editor/Data/PlaybackEngines/WindowsStandaloneSupport/UnityEditor.WindowsStandalone.Extensions.dll
Registered in 0.001437 seconds.
Native extension for WindowsStandalone target not found
Native extension for WebGL target not found
Refreshing native plugins compatible for Editor in 23.25 ms, found 0 plugins.
Preloading 0 native plugins for Editor in 0.00 ms.
Invoked RoslynAnalysisRunner static constructor.
RoslynAnalysisRunner will not be running.
RoslynAnalysisRunner has terminated.
Mono: successfully reloaded assembly
- Completed reload, in  0.983 seconds
Platform modules already initialized, skipping
Registering precompiled user dll's ...
Registered in 0.000624 seconds.
Begin MonoManager ReloadAssembly
Native extension for WindowsStandalone target not found
Native extension for WebGL target not found
Refreshing native plugins compatible for Editor in 0.28 ms, found 0 plugins.
Preloading 0 native plugins for Editor in 0.00 ms.
Invoked RoslynAnalysisRunner static constructor.
RoslynAnalysisRunner will not be running.
RoslynAnalysisRunner has terminated.
Mono: successfully reloaded assembly
- Completed reload, in  0.905 seconds
Platform modules already initialized, skipping
========================================================================
Worker process is ready to serve import requests
Launched and connected shader compiler UnityShaderCompiler.exe after 0.16 seconds
Refreshing native plugins compatible for Editor in 0.37 ms, found 0 plugins.
Preloading 0 native plugins for Editor in 0.00 ms.
Unloading 1193 Unused Serialized files (Serialized files now loaded: 0)
System memory in use before: 59.2 MB.
System memory in use after: 59.3 MB.

Unloading 13 unused Assets to reduce memory usage. Loaded Objects now: 1639.
Total: 2.257912 ms (FindLiveObjects: 0.287857 ms CreateObjectMapping: 0.054898 ms MarkObjects: 1.850304 ms  DeleteObjects: 0.063431 ms)

========================================================================
Received Import Request.
  path: Assets/Animations
  artifactKey: Guid(d3ae9c823d6d9b44a9f6686dac2c5290) Importer(815301076,1909f56bfc062723c751e8b465ee728b)
Start importing Assets/Animations using Guid(d3ae9c823d6d9b44a9f6686dac2c5290) Importer(815301076,1909f56bfc062723c751e8b465ee728b)  -> (artifact id: 'a0d745a35dfff61416adc1ef0544700b') in 0.060809 seconds
  Import took 0.062978 seconds .

========================================================================
Received Prepare
Registering precompiled user dll's ...
Registered in 0.000550 seconds.
Begin MonoManager ReloadAssembly
Native extension for WindowsStandalone target not found
Native extension for WebGL target not found
Refreshing native plugins compatible for Editor in 0.26 ms, found 0 plugins.
Preloading 0 native plugins for Editor in 0.00 ms.
Invoked RoslynAnalysisRunner static constructor.
RoslynAnalysisRunner will not be running.
RoslynAnalysisRunner has terminated.
Mono: successfully reloaded assembly
- Completed reload, in  0.718 seconds
Platform modules already initialized, skipping
Refreshing native plugins compatible for Editor in 0.26 ms, found 0 plugins.
Preloading 0 native plugins for Editor in 0.00 ms.
Unloading 1188 Unused Serialized files (Serialized files now loaded: 0)
System memory in use before: 59.1 MB.
System memory in use after: 59.2 MB.

Unloading 4 unused Assets to reduce memory usage. Loaded Objects now: 1642.
Total: 1.755016 ms (FindLiveObjects: 0.178915 ms CreateObjectMapping: 0.087324 ms MarkObjects: 1.473132 ms  DeleteObjects: 0.013653 ms)

========================================================================
Received Import Request.
  Time since last request: 546.081363 seconds.
  path: Assets/Animations/Bird.controller
  artifactKey: Guid(dc7de5f3f2628d249b4f16460dbb0169) Importer(815301076,1909f56bfc062723c751e8b465ee728b)
Start importing Assets/Animations/Bird.controller using Guid(dc7de5f3f2628d249b4f16460dbb0169) Importer(815301076,1909f56bfc062723c751e8b465ee728b)  -> (artifact id: '78335d740a74224567e622c51da58bfb') in 0.033240 seconds
  Import took 0.036039 seconds .

========================================================================
Received Import Request.
  Time since last request: 322.419328 seconds.
  path: Assets/Animations/Die.anim
  artifactKey: Guid(e9da4fcc117f07d4cb81b8880d2b5779) Importer(815301076,1909f56bfc062723c751e8b465ee728b)
Start importing Assets/Animations/Die.anim using Guid(e9da4fcc117f07d4cb81b8880d2b5779) Importer(815301076,1909f56bfc062723c751e8b465ee728b)  -> (artifact id: '50ae614305d28f38c4cb1df7c5c42330') in 0.028482 seconds
  Import took 0.031003 seconds .

========================================================================
Received Import Request.
  Time since last request: 0.283833 seconds.
  path: Assets/Animations/Die.anim
  artifactKey: Guid(e9da4fcc117f07d4cb81b8880d2b5779) Importer(815301076,1909f56bfc062723c751e8b465ee728b)
Start importing Assets/Animations/Die.anim using Guid(e9da4fcc117f07d4cb81b8880d2b5779) Importer(815301076,1909f56bfc062723c751e8b465ee728b)  -> (artifact id: '50ae614305d28f38c4cb1df7c5c42330') in 0.003656 seconds
  Import took 0.006259 seconds .

========================================================================
Received Import Request.
  Time since last request: 1602.289404 seconds.
  path: Assets/Flappy Bird Style/Scripts/ScrollingObjects.cs
  artifactKey: Guid(2bf82f66dbe496e4d93f95e7706bab77) Importer(815301076,1909f56bfc062723c751e8b465ee728b)
Start importing Assets/Flappy Bird Style/Scripts/ScrollingObjects.cs using Guid(2bf82f66dbe496e4d93f95e7706bab77) Importer(815301076,1909f56bfc062723c751e8b465ee728b)  -> (artifact id: '5a461c89b9358504592e1db47d00c672') in 1.189937 seconds
  Import took 1.192873 seconds .

========================================================================
Received Import Request.
  Time since last request: 4.546127 seconds.
  path: Assets/Flappy Bird Style/Scripts/ColumnPoolReplication.cs
  artifactKey: Guid(301dbd91cab248f4b8f2bfb4bb319c02) Importer(815301076,1909f56bfc062723c751e8b465ee728b)
Start importing Assets/Flappy Bird Style/Scripts/ColumnPoolReplication.cs using Guid(301dbd91cab248f4b8f2bfb4bb319c02) Importer(815301076,1909f56bfc062723c751e8b465ee728b)  -> (artifact id: 'ea6223779a174de76b2f27ccf3724615') in 0.013892 seconds
  Import took 0.016054 seconds .

========================================================================
Received Import Request.
  Time since last request: 2904.154932 seconds.
  path: Assets/Flappy Bird Style/Scripts/BackgroundController.cs
  artifactKey: Guid(d0ce288882dc00b48813637c525b3eaf) Importer(815301076,1909f56bfc062723c751e8b465ee728b)
Start importing Assets/Flappy Bird Style/Scripts/BackgroundController.cs using Guid(d0ce288882dc00b48813637c525b3eaf) Importer(815301076,1909f56bfc062723c751e8b465ee728b)  -> (artifact id: '71620885e3cc5198622cb210f13439d7') in 0.152345 seconds
  Import took 0.162890 seconds .

========================================================================
Received Import Request.
  Time since last request: 3163.682141 seconds.
  path: Assets/Flappy Bird Style/Prefabs
  artifactKey: Guid(629e999d88cfcac4fa04f80e943837f1) Importer(815301076,1909f56bfc062723c751e8b465ee728b)
Start importing Assets/Flappy Bird Style/Prefabs using Guid(629e999d88cfcac4fa04f80e943837f1) Importer(815301076,1909f56bfc062723c751e8b465ee728b)  -> (artifact id: '51f8602f5cb8b3a5178152973dd8e2f8') in 0.133141 seconds
  Import took 0.135728 seconds .

========================================================================
Received Prepare
Registering precompiled user dll's ...
Registered in 0.000698 seconds.
Begin MonoManager ReloadAssembly
Native extension for WindowsStandalone target not found
Native extension for WebGL target not found
Refreshing native plugins compatible for Editor in 0.26 ms, found 0 plugins.
Preloading 0 native plugins for Editor in 0.00 ms.
Invoked RoslynAnalysisRunner static constructor.
RoslynAnalysisRunner will not be running.
RoslynAnalysisRunner has terminated.
Mono: successfully reloaded assembly
- Completed reload, in  0.841 seconds
Platform modules already initialized, skipping
Refreshing native plugins compatible for Editor in 0.27 ms, found 0 plugins.
Preloading 0 native plugins for Editor in 0.00 ms.
Unloading 1188 Unused Serialized files (Serialized files now loaded: 0)
System memory in use before: 59.2 MB.
System memory in use after: 59.3 MB.

Unloading 4 unused Assets to reduce memory usage. Loaded Objects now: 1645.
Total: 1.976597 ms (FindLiveObjects: 0.205653 ms CreateObjectMapping: 0.080782 ms MarkObjects: 1.674518 ms  DeleteObjects: 0.014222 ms)

========================================================================
Received Prepare
Registering precompiled user dll's ...
Registered in 0.000581 seconds.
Begin MonoManager ReloadAssembly
Native extension for WindowsStandalone target not found
Native extension for WebGL target not found
Refreshing native plugins compatible for Editor in 0.42 ms, found 0 plugins.
Preloading 0 native plugins for Editor in 0.00 ms.
Invoked RoslynAnalysisRunner static constructor.
RoslynAnalysisRunner will not be running.
RoslynAnalysisRunner has terminated.
Mono: successfully reloaded assembly
- Completed reload, in  0.725 seconds
Platform modules already initialized, skipping
Refreshing native plugins compatible for Editor in 0.26 ms, found 0 plugins.
Preloading 0 native plugins for Editor in 0.00 ms.
Unloading 1188 Unused Serialized files (Serialized files now loaded: 0)
System memory in use before: 59.2 MB.
System memory in use after: 59.3 MB.

Unloading 4 unused Assets to reduce memory usage. Loaded Objects now: 1648.
Total: 1.608527 ms (FindLiveObjects: 0.141084 ms CreateObjectMapping: 0.042382 ms MarkObjects: 1.409701 ms  DeleteObjects: 0.013653 ms)

========================================================================
Received Prepare
Registering precompiled user dll's ...
Registered in 0.000661 seconds.
Begin MonoManager ReloadAssembly
Native extension for WindowsStandalone target not found
Native extension for WebGL target not found
Refreshing native plugins compatible for Editor in 0.27 ms, found 0 plugins.
Preloading 0 native plugins for Editor in 0.00 ms.
Invoked RoslynAnalysisRunner static constructor.
RoslynAnalysisRunner will not be running.
RoslynAnalysisRunner has terminated.
Mono: successfully reloaded assembly
- Completed reload, in  0.737 seconds
Platform modules already initialized, skipping
Refreshing native plugins compatible for Editor in 0.25 ms, found 0 plugins.
Preloading 0 native plugins for Editor in 0.00 ms.
Unloading 1188 Unused Serialized files (Serialized files now loaded: 0)
System memory in use before: 59.2 MB.
System memory in use after: 59.3 MB.

Unloading 4 unused Assets to reduce memory usage. Loaded Objects now: 1651.
Total: 1.894109 ms (FindLiveObjects: 0.163271 ms CreateObjectMapping: 0.071395 ms MarkObjects: 1.644936 ms  DeleteObjects: 0.013653 ms)

========================================================================
Received Prepare
Registering precompiled user dll's ...
Registered in 0.000474 seconds.
Begin MonoManager ReloadAssembly
Native extension for WindowsStandalone target not found
Native extension for WebGL target not found
Refreshing native plugins compatible for Editor in 0.27 ms, found 0 plugins.
Preloading 0 native plugins for Editor in 0.00 ms.
Invoked RoslynAnalysisRunner static constructor.
RoslynAnalysisRunner will not be running.
RoslynAnalysisRunner has terminated.
Mono: successfully reloaded assembly
- Completed reload, in  0.737 seconds
Platform modules already initialized, skipping
Refreshing native plugins compatible for Editor in 0.24 ms, found 0 plugins.
Preloading 0 native plugins for Editor in 0.00 ms.
Unloading 1188 Unused Serialized files (Serialized files now loaded: 0)
System memory in use before: 59.2 MB.
System memory in use after: 59.3 MB.

Unloading 4 unused Assets to reduce memory usage. Loaded Objects now: 1654.
Total: 1.551070 ms (FindLiveObjects: 0.137955 ms CreateObjectMapping: 0.043520 ms MarkObjects: 1.356795 ms  DeleteObjects: 0.011378 ms)

========================================================================
Received Import Request.
  Time since last request: 742.928449 seconds.
  path: Assets/Flappy Bird Style/_Scenes
  artifactKey: Guid(1c9b9e6076d41e34793f011b5e47e8c4) Importer(815301076,1909f56bfc062723c751e8b465ee728b)
Start importing Assets/Flappy Bird Style/_Scenes using Guid(1c9b9e6076d41e34793f011b5e47e8c4) Importer(815301076,1909f56bfc062723c751e8b465ee728b)  -> (artifact id: 'e4438a4bbc245ff4dd9a64bc4cf8774c') in 0.024380 seconds
  Import took 0.037476 seconds .

========================================================================
Received Prepare
Registering precompiled user dll's ...
Registered in 0.000618 seconds.
Begin MonoManager ReloadAssembly
Native extension for WindowsStandalone target not found
Native extension for WebGL target not found
Refreshing native plugins compatible for Editor in 0.26 ms, found 0 plugins.
Preloading 0 native plugins for Editor in 0.00 ms.
Invoked RoslynAnalysisRunner static constructor.
RoslynAnalysisRunner will not be running.
RoslynAnalysisRunner has terminated.
Mono: successfully reloaded assembly
- Completed reload, in  0.772 seconds
Platform modules already initialized, skipping
Refreshing native plugins compatible for Editor in 0.26 ms, found 0 plugins.
Preloading 0 native plugins for Editor in 0.00 ms.
Unloading 1188 Unused Serialized files (Serialized files now loaded: 0)
System memory in use before: 59.2 MB.
System memory in use after: 59.3 MB.

Unloading 4 unused Assets to reduce memory usage. Loaded Objects now: 1657.
Total: 1.726571 ms (FindLiveObjects: 0.209919 ms CreateObjectMapping: 0.056889 ms MarkObjects: 1.444404 ms  DeleteObjects: 0.013938 ms)

========================================================================
Received Prepare
Registering precompiled user dll's ...
Registered in 0.000537 seconds.
Begin MonoManager ReloadAssembly
Native extension for WindowsStandalone target not found
Native extension for WebGL target not found
Refreshing native plugins compatible for Editor in 0.26 ms, found 0 plugins.
Preloading 0 native plugins for Editor in 0.00 ms.
Invoked RoslynAnalysisRunner static constructor.
RoslynAnalysisRunner will not be running.
RoslynAnalysisRunner has terminated.
Mono: successfully reloaded assembly
- Completed reload, in  0.713 seconds
Platform modules already initialized, skipping
Refreshing native plugins compatible for Editor in 0.25 ms, found 0 plugins.
Preloading 0 native plugins for Editor in 0.00 ms.
Unloading 1188 Unused Serialized files (Serialized files now loaded: 0)
System memory in use before: 59.3 MB.
System memory in use after: 59.4 MB.

Unloading 4 unused Assets to reduce memory usage. Loaded Objects now: 1660.
Total: 1.870500 ms (FindLiveObjects: 0.168390 ms CreateObjectMapping: 0.084195 ms MarkObjects: 1.604545 ms  DeleteObjects: 0.012516 ms)

AssetImportWorkerClient::OnTransportError - code=2 error=End of file
